[2025-12-17 22:27:15] [WARNING] Failed to book appointment {"user_id":3,"error":"Failed to book appointment: Geçmiş bir tarih\/saat için randevu alınamaz."}
[2025-12-17 22:27:35] [INFO] Appointment created, attempting to send mail... {"appt_id":2,"patient_id":3}
[2025-12-17 22:27:35] [INFO] Mail prep - Patient data {"patient_email":"akifcebe58@gmail.com","patient_name":"akif cebe"}
[2025-12-17 22:27:35] [INFO] Mail prep - Doctor data {"doctor_name":"Ahmet Yılmaz","doctor_spec":"Genel Diş Hekimliği"}
[2025-12-17 22:27:38] [INFO] Mail sent successfully to akifcebe58@gmail.com {"subject":"Randevu Talebiniz Oluşturuldu"}
[2025-12-17 22:27:38] [INFO] Mail send result: SUCCESS
[2025-12-17 22:27:38] [INFO] User Action: Appointment booked {"user_id":3,"appointment_id":2,"doctor_id":1,"date":"2025-12-18"}
[2025-12-17 22:28:04] [INFO] Appointment cancelled, preparing to send mail... {"appointment_id":2,"patient_id":3}
[2025-12-17 22:28:04] [INFO] Cancel mail prep {"patient_email":"akifcebe58@gmail.com","doctor_name":"Ahmet Yılmaz"}
[2025-12-17 22:28:08] [INFO] Mail sent successfully to akifcebe58@gmail.com {"subject":"Randevu Talebiniz İptal Edildi"}
[2025-12-17 22:28:08] [INFO] Cancel mail send result: SUCCESS
[2025-12-17 22:28:08] [INFO] User Action: Appointment cancelled {"user_id":3,"appointment_id":2}
[2025-12-17 22:29:50] [INFO] Appointment created, attempting to send mail... {"appt_id":3,"patient_id":3}
[2025-12-17 22:29:50] [INFO] Mail prep - Patient data {"patient_email":"akifcebe58@gmail.com","patient_name":"akif cebe"}
[2025-12-17 22:29:50] [INFO] Mail prep - Doctor data {"doctor_name":"Ayşe Koç","doctor_spec":"Restoratif Diş Tedavisi"}
[2025-12-17 22:29:52] [INFO] Mail sent successfully to akifcebe58@gmail.com {"subject":"Randevu Talebiniz Oluşturuldu"}
[2025-12-17 22:29:52] [INFO] Mail send result: SUCCESS
[2025-12-17 22:29:52] [INFO] User Action: Appointment booked {"user_id":3,"appointment_id":3,"doctor_id":8,"date":"2025-12-22"}
[2025-12-17 22:31:52] [INFO] Appointment cancelled, preparing to send mail... {"appointment_id":4,"patient_id":3}
[2025-12-17 22:31:52] [INFO] Cancel mail prep {"patient_email":"akifcebe58@gmail.com","doctor_name":"Ahmet Yılmaz"}
[2025-12-17 22:31:57] [INFO] Mail sent successfully to akifcebe58@gmail.com {"subject":"Randevu Talebiniz İptal Edildi"}
[2025-12-17 22:31:57] [INFO] Cancel mail send result: SUCCESS
[2025-12-17 22:31:57] [INFO] User Action: Appointment cancelled {"user_id":3,"appointment_id":4}
[2025-12-17 22:32:00] [INFO] Appointment cancelled, preparing to send mail... {"appointment_id":3,"patient_id":3}
[2025-12-17 22:32:00] [INFO] Cancel mail prep {"patient_email":"akifcebe58@gmail.com","doctor_name":"Ayşe Koç"}
[2025-12-17 22:32:04] [INFO] Mail sent successfully to akifcebe58@gmail.com {"subject":"Randevu Talebiniz İptal Edildi"}
[2025-12-17 22:32:04] [INFO] Cancel mail send result: SUCCESS
[2025-12-17 22:32:04] [INFO] User Action: Appointment cancelled {"user_id":3,"appointment_id":3}
[2025-12-17 23:08:09] [INFO] Appointment created, attempting to send mail... {"appt_id":2,"patient_id":3}
[2025-12-17 23:08:09] [INFO] Mail prep - Patient data {"patient_email":"akifcebe58@gmail.com","patient_name":"Mehmet Cebe"}
[2025-12-17 23:08:09] [INFO] Mail prep - Doctor data {"doctor_name":"Ahmet Yılmaz","doctor_spec":"Genel Diş Hekimliği"}
[2025-12-17 23:08:23] [INFO] Mail sent successfully to akifcebe58@gmail.com {"subject":"Randevu Talebiniz Oluşturuldu"}
[2025-12-17 23:08:23] [INFO] Mail send result: SUCCESS
[2025-12-17 23:08:23] [INFO] User Action: Appointment booked {"user_id":3,"appointment_id":2,"doctor_id":1,"date":"2025-12-21"}
[2025-12-17 23:08:31] [INFO] Appointment cancelled, preparing to send mail... {"appointment_id":2,"patient_id":3}
[2025-12-17 23:08:31] [INFO] Cancel mail prep {"patient_email":"akifcebe58@gmail.com","doctor_name":"Ahmet Yılmaz"}
[2025-12-17 23:08:39] [INFO] Mail sent successfully to akifcebe58@gmail.com {"subject":"Randevu Talebiniz İptal Edildi"}
[2025-12-17 23:08:39] [INFO] Cancel mail send result: SUCCESS
[2025-12-17 23:08:39] [INFO] User Action: Appointment cancelled {"user_id":3,"appointment_id":2}
