[2025-12-14 18:19:08] === Mail Send Attempt ===
[2025-12-14 18:19:08] To: akifcebe5859@gmail.com
[2025-12-14 18:19:08] Subject: DentalApp Test 18:19:08
[2025-12-14 18:19:08] Driver: smtp
[2025-12-14 18:19:08] Host: smtp.gmail.com
[2025-12-14 18:19:08] Port: 587
[2025-12-14 18:19:08] Username: ***SET***
[2025-12-14 18:19:08] Password: ***SET***
[2025-12-14 18:19:08] Attempting SMTP send...
[2025-12-14 18:19:08] Manually loaded PHPMailer from C:\xampp\htdocs\dental-app4\app\Services/../../vendor/phpmailer/src/
[2025-12-14 18:19:15] SUCCESS: Mail sent to akifcebe5859@gmail.com
[2025-12-14 18:21:21] === Mail Send Attempt ===
[2025-12-14 18:21:21] To: akifcebe5859@gmail.com
[2025-12-14 18:21:21] Subject: DentalApp Test 18:21:21
[2025-12-14 18:21:21] Driver: smtp
[2025-12-14 18:21:21] Host: smtp.gmail.com
[2025-12-14 18:21:21] Port: 587
[2025-12-14 18:21:21] Username: ***SET***
[2025-12-14 18:21:21] Password: ***SET***
[2025-12-14 18:21:21] Attempting SMTP send...
[2025-12-14 18:21:21] Manually loaded PHPMailer from C:\xampp\htdocs\dental-app4\app\Services/../../vendor/phpmailer/src/
[2025-12-14 18:21:25] SUCCESS: Mail sent to akifcebe5859@gmail.com
[2025-12-14 18:23:07] === Mail Send Attempt ===
[2025-12-14 18:23:07] To: akifcebe31@gmail.com
[2025-12-14 18:23:07] Subject: Randevu Talebiniz Oluşturuldu
[2025-12-14 18:23:07] Driver: smtp
[2025-12-14 18:23:07] Host: smtp.gmail.com
[2025-12-14 18:23:07] Port: 587
[2025-12-14 18:23:07] Username: ***SET***
[2025-12-14 18:23:07] Password: ***SET***
[2025-12-14 18:23:07] Attempting SMTP send...
[2025-12-14 18:23:07] Manually loaded PHPMailer from C:\xampp\htdocs\dental-app4\app\Services/../../vendor/phpmailer/src/
[2025-12-14 18:23:09] SUCCESS: Mail sent to akifcebe31@gmail.com
[2025-12-14 18:23:11] === Mail Send Attempt ===
[2025-12-14 18:23:11] To: akifcebe31@gmail.com
[2025-12-14 18:23:11] Subject: Randevu Talebiniz İptal Edildi
[2025-12-14 18:23:11] Driver: smtp
[2025-12-14 18:23:11] Host: smtp.gmail.com
[2025-12-14 18:23:11] Port: 587
[2025-12-14 18:23:11] Username: ***SET***
[2025-12-14 18:23:11] Password: ***SET***
[2025-12-14 18:23:11] Attempting SMTP send...
[2025-12-14 18:23:16] SUCCESS: Mail sent to akifcebe31@gmail.com
[2025-12-14 18:25:52] === Mail Send Attempt ===
[2025-12-14 18:25:52] To: akifcebe5859@gmail.com
[2025-12-14 18:25:52] Subject: DentalApp SMTP Test - 2025-12-14 18:25:52
[2025-12-14 18:25:52] Driver: smtp
[2025-12-14 18:25:52] Host: smtp.gmail.com
[2025-12-14 18:25:52] Port: 587
[2025-12-14 18:25:52] Username: ***SET***
[2025-12-14 18:25:52] Password: ***SET***
[2025-12-14 18:25:52] Attempting SMTP send...
[2025-12-14 18:25:52] Manually loaded PHPMailer from C:\xampp\htdocs\dental-app4\app\Services/../../vendor/phpmailer/src/
[2025-12-14 18:35:52] === Mail Send Attempt ===
[2025-12-14 18:35:52] To: akifcebe31@gmail.com
[2025-12-14 18:35:52] Subject: Randevu Talebiniz Oluşturuldu
[2025-12-14 18:35:52] Driver: smtp
[2025-12-14 18:35:52] Host: smtp.gmail.com
[2025-12-14 18:35:52] Port: 587
[2025-12-14 18:35:52] Username: ***SET***
[2025-12-14 18:35:52] Password: ***SET***
[2025-12-14 18:35:52] Attempting SMTP send...
[2025-12-14 18:35:52] Manually loaded PHPMailer from C:\xampp\htdocs\dental-app4\app\Services/../../vendor/phpmailer/src/
[2025-12-14 18:35:55] SUCCESS: Mail sent to akifcebe31@gmail.com
[2025-12-14 18:35:57] === Mail Send Attempt ===
[2025-12-14 18:35:57] To: akifcebe31@gmail.com
[2025-12-14 18:35:57] Subject: Randevu Talebiniz İptal Edildi
[2025-12-14 18:35:57] Driver: smtp
[2025-12-14 18:35:57] Host: smtp.gmail.com
[2025-12-14 18:35:57] Port: 587
[2025-12-14 18:35:57] Username: ***SET***
[2025-12-14 18:35:57] Password: ***SET***
[2025-12-14 18:35:57] Attempting SMTP send...
[2025-12-14 18:36:01] SUCCESS: Mail sent to akifcebe31@gmail.com
[2025-12-14 19:28:59] === Mail Send Attempt ===
[2025-12-14 19:28:59] To: akifcebe58@gmail.com
[2025-12-14 19:28:59] Subject: Randevu Talebiniz Oluşturuldu
[2025-12-14 19:28:59] Driver: smtp
[2025-12-14 19:28:59] Host: smtp.gmail.com
[2025-12-14 19:28:59] Port: 587
[2025-12-14 19:28:59] Username: ***SET***
[2025-12-14 19:28:59] Password: ***SET***
[2025-12-14 19:28:59] Attempting SMTP send...
[2025-12-14 19:28:59] Manually loaded PHPMailer from C:\xampp\htdocs\dental-app4\app\Services/../../vendor/phpmailer/src/
[2025-12-14 19:29:03] SUCCESS: Mail sent to akifcebe58@gmail.com
[2025-12-14 19:29:31] === Mail Send Attempt ===
[2025-12-14 19:29:31] To: akifcebe58@gmail.com
[2025-12-14 19:29:31] Subject: Randevu Talebiniz İptal Edildi
[2025-12-14 19:29:31] Driver: smtp
[2025-12-14 19:29:31] Host: smtp.gmail.com
[2025-12-14 19:29:31] Port: 587
[2025-12-14 19:29:31] Username: ***SET***
[2025-12-14 19:29:31] Password: ***SET***
[2025-12-14 19:29:31] Attempting SMTP send...
[2025-12-14 19:29:31] Manually loaded PHPMailer from C:\xampp\htdocs\dental-app4\app\Services/../../vendor/phpmailer/src/
[2025-12-14 19:29:37] SUCCESS: Mail sent to akifcebe58@gmail.com
[2025-12-14 19:40:46] === Mail Send Attempt ===
[2025-12-14 19:40:46] To: akifcebe58@gmail.com
[2025-12-14 19:40:46] Subject: Randevu Talebiniz Oluşturuldu
[2025-12-14 19:40:46] Driver: smtp
[2025-12-14 19:40:46] Host: smtp.gmail.com
[2025-12-14 19:40:46] Port: 587
[2025-12-14 19:40:46] Username: ***SET***
[2025-12-14 19:40:46] Password: ***SET***
[2025-12-14 19:40:46] Attempting SMTP send...
[2025-12-14 19:40:47] Manually loaded PHPMailer from C:\xampp\htdocs\dental-app4\app\Services/../../vendor/phpmailer/src/
[2025-12-14 19:40:49] SUCCESS: Mail sent to akifcebe58@gmail.com
[2025-12-14 19:55:18] === Mail Send Attempt ===
[2025-12-14 19:55:18] To: akifcebe58@gmail.com
[2025-12-14 19:55:18] Subject: Randevu Talebiniz İptal Edildi
[2025-12-14 19:55:18] Driver: smtp
[2025-12-14 19:55:18] Host: smtp.gmail.com
[2025-12-14 19:55:18] Port: 587
[2025-12-14 19:55:18] Username: ***SET***
[2025-12-14 19:55:18] Password: ***SET***
[2025-12-14 19:55:18] Attempting SMTP send...
[2025-12-14 19:55:18] Manually loaded PHPMailer from C:\xampp\htdocs\dental-app4\app\Services/../../vendor/phpmailer/src/
[2025-12-14 19:55:20] SUCCESS: Mail sent to akifcebe58@gmail.com
[2025-12-14 19:55:24] === Mail Send Attempt ===
[2025-12-14 19:55:24] To: akifcebe58@gmail.com
[2025-12-14 19:55:24] Subject: Randevu Talebiniz Oluşturuldu
[2025-12-14 19:55:24] Driver: smtp
[2025-12-14 19:55:24] Host: smtp.gmail.com
[2025-12-14 19:55:24] Port: 587
[2025-12-14 19:55:24] Username: ***SET***
[2025-12-14 19:55:24] Password: ***SET***
[2025-12-14 19:55:24] Attempting SMTP send...
[2025-12-14 19:55:24] Manually loaded PHPMailer from C:\xampp\htdocs\dental-app4\app\Services/../../vendor/phpmailer/src/
[2025-12-14 19:55:26] SUCCESS: Mail sent to akifcebe58@gmail.com
[2025-12-14 20:14:37] === Mail Send Attempt ===
[2025-12-14 20:14:37] To: akifcebe58@gmail.com
[2025-12-14 20:14:37] Subject: Randevu Talebiniz İptal Edildi
[2025-12-14 20:14:37] Driver: smtp
[2025-12-14 20:14:37] Host: smtp.gmail.com
[2025-12-14 20:14:37] Port: 587
[2025-12-14 20:14:37] Username: ***SET***
[2025-12-14 20:14:37] Password: ***SET***
[2025-12-14 20:14:37] Attempting SMTP send...
[2025-12-14 20:14:37] Manually loaded PHPMailer from C:\xampp\htdocs\dental-app4\app\Services/../../vendor/phpmailer/src/
[2025-12-14 20:14:41] SUCCESS: Mail sent to akifcebe58@gmail.com
[2025-12-14 20:14:59] === Mail Send Attempt ===
[2025-12-14 20:14:59] To: akifcebe58@gmail.com
[2025-12-14 20:14:59] Subject: Randevu Talebiniz Oluşturuldu
[2025-12-14 20:14:59] Driver: smtp
[2025-12-14 20:14:59] Host: smtp.gmail.com
[2025-12-14 20:14:59] Port: 587
[2025-12-14 20:14:59] Username: ***SET***
[2025-12-14 20:14:59] Password: ***SET***
[2025-12-14 20:14:59] Attempting SMTP send...
[2025-12-14 20:14:59] Manually loaded PHPMailer from C:\xampp\htdocs\dental-app4\app\Services/../../vendor/phpmailer/src/
[2025-12-14 20:15:02] SUCCESS: Mail sent to akifcebe58@gmail.com
[2025-12-14 20:15:18] === Mail Send Attempt ===
[2025-12-14 20:15:18] To: akifcebe58@gmail.com
[2025-12-14 20:15:18] Subject: Randevu Talebiniz İptal Edildi
[2025-12-14 20:15:18] Driver: smtp
[2025-12-14 20:15:18] Host: smtp.gmail.com
[2025-12-14 20:15:18] Port: 587
[2025-12-14 20:15:18] Username: ***SET***
[2025-12-14 20:15:18] Password: ***SET***
[2025-12-14 20:15:18] Attempting SMTP send...
[2025-12-14 20:15:18] Manually loaded PHPMailer from C:\xampp\htdocs\dental-app4\app\Services/../../vendor/phpmailer/src/
[2025-12-14 20:15:21] SUCCESS: Mail sent to akifcebe58@gmail.com
